<?xml version="1.0" encoding="UTF-8"?>
<!-- Generated by org.testng.reporters.JUnitReportReporter -->
<testsuite hostname="MacBook-Pro.local" failures="0" tests="1" name="webdriver.Topic_15_Javascript_Executor" time="12.766" errors="0" timestamp="09 Jun 2022 07:40:15 GMT" skipped="0">
  <testcase classname="webdriver.Topic_15_Javascript_Executor" name="TC_04_Image_uploaded" time="12.766"/>
</testsuite> <!-- webdriver.Topic_15_Javascript_Executor -->
