<?xml version="1.0" encoding="UTF-8"?>
<!-- Generated by org.testng.reporters.JUnitReportReporter -->
<testsuite hostname="MacBook-Pro.local" failures="0" tests="1" name="webdriver.Topic_04_Xpath_II" time="307.675" errors="0" timestamp="29 Mar 2022 16:10:48 GMT" skipped="0">
  <testcase classname="webdriver.Topic_04_Xpath_II" name="TC_06_Register_With_Invalid_Phone_Number" time="307.675"/>
</testsuite> <!-- webdriver.Topic_04_Xpath_II -->
