<?xml version="1.0" encoding="UTF-8"?>
<!-- Generated by org.testng.reporters.JUnitReportReporter -->
<testsuite hostname="MacBook-Pro.local" failures="0" tests="2" name="webdriver.Topic_08_Custom_Dropdown" time="13.954" errors="0" timestamp="24 May 2022 02:17:49 GMT" skipped="0">
  <testcase classname="webdriver.Topic_08_Custom_Dropdown" name="TC_01_JQuery" time="8.816"/>
  <testcase classname="webdriver.Topic_08_Custom_Dropdown" name="TC_04_Angular_Enter_To_DropDown" time="5.138"/>
</testsuite> <!-- webdriver.Topic_08_Custom_Dropdown -->
