<?xml version="1.0" encoding="UTF-8"?>
<!-- Generated by org.testng.reporters.JUnitReportReporter -->
<testsuite hostname="MacBook-Pro.local" failures="0" tests="4" name="buyer.Buyer_01_Order_Product" time="0.007" errors="0" timestamp="20 Jun 2022 04:01:05 GMT" skipped="0">
  <testcase classname="buyer.Buyer_01_Order_Product" name="Buyer_Choose_Payment_Method" time="0.001"/>
  <testcase classname="buyer.Buyer_01_Order_Product" name="Buyer_Search_Product" time="0.001"/>
  <testcase classname="buyer.Buyer_01_Order_Product" name="Buyer_Add_To_Cart" time="0.003"/>
  <testcase classname="buyer.Buyer_01_Order_Product" name="Buyer_Checkout" time="0.002"/>
</testsuite> <!-- buyer.Buyer_01_Order_Product -->
