<?xml version="1.0" encoding="UTF-8"?>
<!-- Generated by org.testng.reporters.JUnitReportReporter -->
<testsuite hostname="MacBook-Pro.local" failures="0" tests="1" name="tech.Topic_05_Part_II_Multiple_Browser" time="16.531" errors="0" timestamp="20 Jun 2022 10:04:57 GMT" skipped="0">
  <testcase classname="tech.Topic_05_Part_II_Multiple_Browser" name="TC_01_Login_System" time="16.531"/>
</testsuite> <!-- tech.Topic_05_Part_II_Multiple_Browser -->
