<?xml version="1.0" encoding="UTF-8"?>
<!-- Generated by org.testng.reporters.JUnitReportReporter -->
<testsuite hostname="MacBook-Pro.local" failures="0" tests="1" name="webdriver.Topic_20_Wait_Part_I_Element_Status" time="1.364" errors="0" timestamp="10 Jun 2022 12:24:18 GMT" skipped="0">
  <testcase classname="webdriver.Topic_20_Wait_Part_I_Element_Status" name="TC_04_Presence" time="1.364"/>
</testsuite> <!-- webdriver.Topic_20_Wait_Part_I_Element_Status -->
