<?xml version="1.0" encoding="UTF-8"?>
<!-- Generated by org.testng.reporters.JUnitReportReporter -->
<testsuite hostname="MacBook-Pro.local" failures="0" tests="2" name="webdriver.Topic_04_Xpath_Part_III" time="30.934" errors="0" timestamp="30 Mar 2022 16:45:17 GMT" skipped="0">
  <testcase classname="webdriver.Topic_04_Xpath_Part_III" name="TC_06_Login_With_Valid_Email_And_Password" time="4.396"/>
  <testcase classname="webdriver.Topic_04_Xpath_Part_III" name="TC_05_Create_A_New_Account" time="26.538"/>
</testsuite> <!-- webdriver.Topic_04_Xpath_Part_III -->
