<?xml version="1.0" encoding="UTF-8"?>
<!-- Generated by org.testng.reporters.JUnitReportReporter -->
<testsuite hostname="MacBook-Pro.local" failures="0" tests="1" name="webdriver.Topic_20_Wait_Part_VII_Page_Loading" time="4.865" errors="0" timestamp="16 Jun 2022 17:19:26 GMT" skipped="0">
  <testcase classname="webdriver.Topic_20_Wait_Part_VII_Page_Loading" name="TC_05_Test_Project_Page_Ready" time="4.865"/>
</testsuite> <!-- webdriver.Topic_20_Wait_Part_VII_Page_Loading -->
