<?xml version="1.0" encoding="UTF-8"?>
<!-- Generated by org.testng.reporters.JUnitReportReporter -->
<testsuite hostname="MacBook-Pro.local" failures="0" tests="5" name="admin.Admin_01_Manage_Product" time="0.014" errors="0" timestamp="20 Jun 2022 04:01:05 GMT" skipped="0">
  <testcase classname="admin.Admin_01_Manage_Product" name="Product_01_Create" time="0.010"/>
  <testcase classname="admin.Admin_01_Manage_Product" name="Product_05_Duplicate" time="0.001"/>
  <testcase classname="admin.Admin_01_Manage_Product" name="Product_03_View" time="0.001"/>
  <testcase classname="admin.Admin_01_Manage_Product" name="Product_04_Delete" time="0.001"/>
  <testcase classname="admin.Admin_01_Manage_Product" name="Product_02_Edit" time="0.001"/>
</testsuite> <!-- admin.Admin_01_Manage_Product -->
