<?xml version="1.0" encoding="UTF-8"?>
<!-- Generated by org.testng.reporters.JUnitReportReporter -->
<testsuite hostname="MacBook-Pro.local" failures="0" tests="6" name="webdriver.Topic_04_Xpath_Part_III" time="36.682" errors="0" timestamp="26 Apr 2022 02:49:30 GMT" skipped="0">
  <testcase classname="webdriver.Topic_04_Xpath_Part_III" name="TC_01_Login_With_Empty_Email_And_Password" time="10.692"/>
  <testcase classname="webdriver.Topic_04_Xpath_Part_III" name="TC_03_Login_With_Password_Less_Than_6_Characters" time="3.780"/>
  <testcase classname="webdriver.Topic_04_Xpath_Part_III" name="TC_04_Login_With_Password_Less_Than_6_Characters" time="4.692"/>
  <testcase classname="webdriver.Topic_04_Xpath_Part_III" name="TC_06_Login_With_Valid_Email_And_Password" time="7.177"/>
  <testcase classname="webdriver.Topic_04_Xpath_Part_III" name="TC_05_Create_A_New_Account" time="6.959"/>
  <testcase classname="webdriver.Topic_04_Xpath_Part_III" name="TC_02_Login_With_Invalid_Email" time="3.382"/>
</testsuite> <!-- webdriver.Topic_04_Xpath_Part_III -->
