<?xml version="1.0" encoding="UTF-8"?>
<!-- Generated by org.testng.reporters.JUnitReportReporter -->
<testsuite hostname="MacBook-Pro.local" failures="0" tests="1" name="webdriver.Topic_10_Alert" time="19.477" errors="0" timestamp="26 May 2022 02:18:58 GMT" skipped="0">
  <testcase classname="webdriver.Topic_10_Alert" name="TC_05_Authentication_Alert" time="19.477"/>
</testsuite> <!-- webdriver.Topic_10_Alert -->
