<?xml version="1.0" encoding="UTF-8"?>
<!-- Generated by org.testng.reporters.JUnitReportReporter -->
<testsuite hostname="MacBook-Pro.local" failures="0" tests="3" name="tech.Topic_05_Multiple_Browser" time="22.070" errors="0" timestamp="20 Jun 2022 09:43:10 GMT" skipped="0">
  <testcase classname="tech.Topic_05_Multiple_Browser" name="TC_01_Login_System" time="6.837"/>
  <testcase classname="tech.Topic_05_Multiple_Browser" name="TC_01_Login_System" time="8.921"/>
  <testcase classname="tech.Topic_05_Multiple_Browser" name="TC_01_Login_System" time="6.312"/>
</testsuite> <!-- tech.Topic_05_Multiple_Browser -->
