<?xml version="1.0" encoding="UTF-8"?>
<!-- Generated by org.testng.reporters.JUnitReportReporter -->
<testsuite hostname="MacBook-Pro.local" failures="0" tests="1" name="webdriver.Topic_06_TextBox_And_TextArea" time="31.179" errors="0" timestamp="29 Apr 2022 15:02:58 GMT" skipped="0">
  <testcase classname="webdriver.Topic_06_TextBox_And_TextArea" name="TC_01_Add_Employee" time="31.179"/>
</testsuite> <!-- webdriver.Topic_06_TextBox_And_TextArea -->
