<?xml version="1.0" encoding="UTF-8"?>
<!-- Generated by org.testng.reporters.JUnitReportReporter -->
<testsuite hostname="MacBook-Pro.local" failures="0" tests="1" name="webdriver.Topic_02_Selenium_Locator" time="0.394" errors="0" timestamp="20 Mar 2022 03:40:50 GMT" skipped="0">
  <testcase classname="webdriver.Topic_02_Selenium_Locator" name="Test_Case_01" time="0.394"/>
</testsuite> <!-- webdriver.Topic_02_Selenium_Locator -->
