<?xml version="1.0" encoding="UTF-8"?>
<!-- Generated by org.testng.reporters.JUnitReportReporter -->
<testsuite hostname="MacBook-Pro.local" failures="0" tests="1" name="webdriver.Topic_07_Default_Dropdown" time="16.445" errors="0" timestamp="04 May 2022 17:15:12 GMT" skipped="0">
  <testcase classname="webdriver.Topic_07_Default_Dropdown" name="TC_01_Rode" time="16.445"/>
</testsuite> <!-- webdriver.Topic_07_Default_Dropdown -->
