<?xml version="1.0" encoding="UTF-8"?>
<!-- Generated by org.testng.reporters.JUnitReportReporter -->
<testsuite hostname="MacBook-Pro.local" failures="0" tests="1" name="webdriver.Topic_13_Frame_Iframe" time="6.693" errors="0" timestamp="30 May 2022 10:39:08 GMT" skipped="0">
  <testcase classname="webdriver.Topic_13_Frame_Iframe" name="TC_01_Kyna" time="6.693"/>
</testsuite> <!-- webdriver.Topic_13_Frame_Iframe -->
