<?xml version="1.0" encoding="UTF-8"?>
<!-- Generated by org.testng.reporters.JUnitReportReporter -->
<testsuite hostname="MacBook-Pro.local" failures="0" tests="1" name="admin.Admin_02_Manage_Category" time="0.001" errors="0" timestamp="20 Jun 2022 04:01:05 GMT" skipped="0">
  <testcase classname="admin.Admin_02_Manage_Category" name="Category_01_Create" time="0.001"/>
</testsuite> <!-- admin.Admin_02_Manage_Category -->
