<?xml version="1.0" encoding="UTF-8"?>
<!-- Generated by org.testng.reporters.JUnitReportReporter -->
<testsuite hostname="MacBook-Pro.local" failures="0" tests="1" name="webdriver.Topic_11_Action_Part_I" time="5.211" errors="0" timestamp="26 May 2022 07:15:41 GMT" skipped="0">
  <testcase classname="webdriver.Topic_11_Action_Part_I" name="TC_03_Click_And_Hover" time="5.211"/>
</testsuite> <!-- webdriver.Topic_11_Action_Part_I -->
