<?xml version="1.0" encoding="UTF-8"?>
<!-- Generated by org.testng.reporters.JUnitReportReporter -->
<testsuite hostname="MacBook-Pro.local" failures="0" tests="1" name="webdriver.Topic_11_Action_Part_II" time="7.086" errors="0" timestamp="28 May 2022 08:21:38 GMT" skipped="0">
  <testcase classname="webdriver.Topic_11_Action_Part_II" name="TC_04_Drag_And_Drop_HTML4" time="7.086"/>
</testsuite> <!-- webdriver.Topic_11_Action_Part_II -->
