<?xml version="1.0" encoding="UTF-8"?>
<!-- Generated by org.testng.reporters.JUnitReportReporter -->
<testsuite hostname="MacBook-Pro.local" failures="0" tests="1" name="webdriver.Topic_04_Xpath_Part_II" time="4.718" errors="0" timestamp="26 Apr 2022 02:50:12 GMT" skipped="0">
  <testcase classname="webdriver.Topic_04_Xpath_Part_II" name="TC_02_Register_With_Invalid_Email" time="4.718"/>
</testsuite> <!-- webdriver.Topic_04_Xpath_Part_II -->
