<?xml version="1.0" encoding="UTF-8"?>
<!-- Generated by org.testng.reporters.JUnitReportReporter -->
<testsuite hostname="MacBook-Pro.local" failures="0" tests="3" name="loop.Loop_Register" time="49.329" errors="0" timestamp="21 Jun 2022 08:50:34 GMT" skipped="0">
  <testcase classname="loop.Loop_Register" name="Register" time="15.626"/>
  <testcase classname="loop.Loop_Register" name="Register" time="17.712"/>
  <testcase classname="loop.Loop_Register" name="Register" time="15.991"/>
</testsuite> <!-- loop.Loop_Register -->
